Assassin's Creed IV: Black Flag
Assassin's Creed
The Legend of Zelda: Majora's Mask
Final Fantasy IX
Dragon Quest VII
Paper Mario
Fable
World of Warcraft
Fable II
Mega Man ZX Advent
God of War II
The Darkness
Super Mario Galaxy
Dead Space
Dante's Inferno
LittleBigPlanet
Spore
Diablo III
Super Mario Galaxy 2
A Plague Tale: Innocence
Gwent: The Witcher Card Game
Rayman Legends
DmC: Devil May Cry
Hearthstone
The Witcher 3: Wild Hunt
Assassin's Creed Origins
Overwatch
Cyberpunk 2077
Death Stranding
Crash Team Racing Nitro-Fueled
Sekiro : Shadows Die Twice
Watch Dogs: Legion
Microsoft Flight Simulator
Far Cry 6