Dragon Quest VII
Paper Mario
Final Fantasy IX
World of Warcraft
Fable
The Legend of Zelda: Majora's Mask
God of War II
Super Mario Galaxy
Dead Space
The Darkness
Mega Man ZX Advent
Spore
LittleBigPlanet
Super Mario Galaxy 2
Diablo III
Dante's Inferno
Fable II
Assassin's Creed
DmC: Devil May Cry
The Witcher 3: Wild Hunt
Hearthstone
Rayman Legends
Overwatch
Assassin's Creed Origins
Gwent: The Witcher Card Game
Crash Team Racing Nitro-Fueled
Sekiro : Shadows Die Twice
Death Stranding
Microsoft Flight Simulator
Far Cry 6
Watch Dogs: Legion
Cyberpunk 2077
A Plague Tale: Innocence
Assassin's Creed IV: Black Flag