Dragon Quest VII
Final Fantasy IX
Paper Mario
The Legend of Zelda: Majora's Mask
Fable
World of Warcraft
Assassin's Creed
God of War II
Mega Man ZX Advent
Super Mario Galaxy
The Darkness
Dead Space
Fable II
LittleBigPlanet
Spore
Dante's Inferno
Super Mario Galaxy 2
Diablo III
Assassin's Creed IV: Black Flag
DmC: Devil May Cry
Rayman Legends
Hearthstone
The Witcher 3: Wild Hunt
Gwent: The Witcher Card Game
Overwatch
Assassin's Creed Origins
A Plague Tale: Innocence
Crash Team Racing Nitro-Fueled
Death Stranding
Sekiro : Shadows Die Twice
Cyberpunk 2077
Microsoft Flight Simulator
Watch Dogs: Legion
Far Cry 6